
> dev
> next dev --webpack

▲ Next.js 16.2.7 (webpack)
- Local:         http://localhost:3000
- Network:       http://192.168.0.15:3000
- Environments: .env.local
✓ Ready in 853ms

○ Compiling /checkout ...
 GET /checkout?package=p6300 200 in 10.4s (next.js: 9.1s, application-code: 1327ms)
 GET /api/accounts?id=3414b1e1-35c7-46ce-823f-a9267fe216ed 200 in 1761ms (next.js: 1627ms, application-code: 135ms)
 GET /checkout?package=p6300 200 in 119ms (next.js: 56ms, application-code: 63ms)
 GET /checkout?package=p3400 200 in 161ms (next.js: 3ms, application-code: 158ms)
○ Compiling / ...
 GET / 200 in 6.8s (next.js: 6.2s, application-code: 637ms)
 GET / 200 in 161ms (next.js: 7ms, application-code: 154ms)
 GET /api/accounts?id=3414b1e1-35c7-46ce-823f-a9267fe216ed 200 in 1631ms (next.js: 1545ms, application-code: 85ms)
 POST /api/analytics/access 200 in 1801ms (next.js: 1657ms, application-code: 144ms)
 GET / 200 in 759ms (next.js: 48ms, application-code: 711ms)
 GET /api/accounts?id=0184f521-3c97-479d-9277-e15517a67838 200 in 63ms (next.js: 7ms, application-code: 56ms)
 POST /api/analytics/access 200 in 271ms (next.js: 20ms, application-code: 251ms)
 GET / 200 in 105ms (next.js: 10ms, application-code: 95ms)
 GET / 200 in 44ms (next.js: 6ms, application-code: 38ms)
 GET /checkout?package=p2400 200 in 158ms (next.js: 20ms, application-code: 138ms)
 GET / 200 in 177ms (next.js: 3ms, application-code: 173ms)
 GET /api/accounts?id=0184f521-3c97-479d-9277-e15517a67838 200 in 23ms (next.js: 4ms, application-code: 19ms)
 POST /api/analytics/access 200 in 25ms (next.js: 3ms, application-code: 22ms)
 GET /api/accounts?id=0184f521-3c97-479d-9277-e15517a67838 200 in 57ms (next.js: 9ms, application-code: 48ms)
 GET / 200 in 76ms (next.js: 7ms, application-code: 69ms)
 GET /checkout?package=p2400 200 in 139ms (next.js: 8ms, application-code: 131ms)
 GET /checkout?package=p2400 200 in 199ms (next.js: 5ms, application-code: 194ms)
 GET / 200 in 73ms (next.js: 5ms, application-code: 68ms)
 GET /api/accounts?id=0184f521-3c97-479d-9277-e15517a67838 200 in 17ms (next.js: 2ms, application-code: 15ms)
 GET /api/accounts?id=0184f521-3c97-479d-9277-e15517a67838 200 in 12ms (next.js: 2ms, application-code: 10ms)
 GET /api/accounts?id=0184f521-3c97-479d-9277-e15517a67838 200 in 10ms (next.js: 2ms, application-code: 8ms)
 GET /api/accounts?id=0184f521-3c97-479d-9277-e15517a67838 200 in 8ms (next.js: 1677µs, application-code: 6ms)
 GET /api/accounts?id=0184f521-3c97-479d-9277-e15517a67838 200 in 7ms (next.js: 1808µs, application-code: 5ms)
 GET /api/accounts?id=0184f521-3c97-479d-9277-e15517a67838 200 in 9ms (next.js: 1474µs, application-code: 8ms)
 GET /api/accounts?id=0184f521-3c97-479d-9277-e15517a67838 200 in 6ms (next.js: 1417µs, application-code: 5ms)
 GET /api/accounts?id=0184f521-3c97-479d-9277-e15517a67838 200 in 7ms (next.js: 3ms, application-code: 4ms)
 GET /api/accounts?id=0184f521-3c97-479d-9277-e15517a67838 200 in 9ms (next.js: 3ms, application-code: 6ms)
 GET /api/accounts?id=0184f521-3c97-479d-9277-e15517a67838 200 in 6ms (next.js: 1431µs, application-code: 4ms)
 GET /checkout?package=p2400 200 in 263ms (next.js: 149ms, application-code: 114ms)
 GET / 200 in 54ms (next.js: 16ms, application-code: 38ms)
 GET / 200 in 60ms (next.js: 3ms, application-code: 57ms)
 GET /checkout?package=p2400 200 in 101ms (next.js: 3ms, application-code: 98ms)
 GET /api/accounts?id=0184f521-3c97-479d-9277-e15517a67838 200 in 74ms (next.js: 47ms, application-code: 26ms)
 GET /api/accounts?id=0184f521-3c97-479d-9277-e15517a67838 200 in 13ms (next.js: 3ms, application-code: 10ms)
 GET /api/accounts?id=0184f521-3c97-479d-9277-e15517a67838 200 in 6ms (next.js: 1406µs, application-code: 5ms)
 GET /checkout?package=p2400 200 in 278ms (next.js: 8ms, application-code: 269ms)
 GET /api/accounts?id=0184f521-3c97-479d-9277-e15517a67838 200 in 19ms (next.js: 4ms, application-code: 15ms)
 GET / 200 in 435ms (next.js: 1941µs, application-code: 433ms)
 GET /api/accounts?id=0184f521-3c97-479d-9277-e15517a67838 200 in 1477ms (next.js: 1437ms, application-code: 40ms)
 POST /api/analytics/access 200 in 1610ms (next.js: 1554ms, application-code: 56ms)
 GET / 200 in 59ms (next.js: 18ms, application-code: 40ms)
 GET /checkout?package=p2400 200 in 173ms (next.js: 71ms, application-code: 102ms)
 GET /api/accounts?id=0184f521-3c97-479d-9277-e15517a67838 200 in 6ms (next.js: 1379µs, application-code: 4ms)
 GET /api/accounts?id=0184f521-3c97-479d-9277-e15517a67838 200 in 6ms (next.js: 1354µs, application-code: 5ms)
 GET /api/accounts?id=0184f521-3c97-479d-9277-e15517a67838 200 in 7ms (next.js: 2ms, application-code: 5ms)
 GET /api/accounts?id=0184f521-3c97-479d-9277-e15517a67838 200 in 9ms (next.js: 4ms, application-code: 5ms)
 GET /api/accounts?id=0184f521-3c97-479d-9277-e15517a67838 200 in 30ms (next.js: 5ms, application-code: 26ms)
 GET /api/accounts?id=0184f521-3c97-479d-9277-e15517a67838 200 in 65ms (next.js: 4ms, application-code: 61ms)
 GET /api/accounts?id=0184f521-3c97-479d-9277-e15517a67838 200 in 11ms (next.js: 3ms, application-code: 8ms)
 GET /api/accounts?id=0184f521-3c97-479d-9277-e15517a67838 200 in 17ms (next.js: 3ms, application-code: 14ms)
 GET /checkout?package=p2400 200 in 199ms (next.js: 83ms, application-code: 116ms)
 GET / 200 in 67ms (next.js: 20ms, application-code: 48ms)
 GET /api/accounts?id=0184f521-3c97-479d-9277-e15517a67838 200 in 28ms (next.js: 15ms, application-code: 13ms)
 GET /api/accounts?id=0184f521-3c97-479d-9277-e15517a67838 200 in 13ms (next.js: 2ms, application-code: 11ms)
 GET /api/accounts?id=0184f521-3c97-479d-9277-e15517a67838 200 in 10ms (next.js: 1939µs, application-code: 8ms)
 GET /api/accounts?id=0184f521-3c97-479d-9277-e15517a67838 200 in 10ms (next.js: 3ms, application-code: 7ms)
 GET /checkout?package=p2400 200 in 153ms (next.js: 3ms, application-code: 151ms)
 GET /api/accounts?id=0184f521-3c97-479d-9277-e15517a67838 200 in 17ms (next.js: 4ms, application-code: 13ms)
 GET / 200 in 269ms (next.js: 4ms, application-code: 265ms)
 GET /api/accounts?id=0184f521-3c97-479d-9277-e15517a67838 200 in 1055ms (next.js: 1016ms, application-code: 39ms)
 POST /api/analytics/access 200 in 1217ms (next.js: 1168ms, application-code: 49ms)
 GET /checkout?package=p2400 200 in 99ms (next.js: 26ms, application-code: 73ms)
 GET / 200 in 48ms (next.js: 14ms, application-code: 34ms)
 GET /api/accounts?id=0184f521-3c97-479d-9277-e15517a67838 200 in 6ms (next.js: 1594µs, application-code: 4ms)
 GET /api/accounts?id=0184f521-3c97-479d-9277-e15517a67838 200 in 6ms (next.js: 1413µs, application-code: 5ms)
 GET / 200 in 65ms (next.js: 30ms, application-code: 35ms)
 GET /checkout?package=p2400 200 in 231ms (next.js: 87ms, application-code: 144ms)
 GET / 200 in 497ms (next.js: 11ms, application-code: 486ms)
 GET /api/accounts?id=0184f521-3c97-479d-9277-e15517a67838 200 in 32ms (next.js: 15ms, application-code: 17ms)
 GET / 200 in 165ms (next.js: 3ms, application-code: 162ms)
 POST /api/analytics/access 200 in 59ms (next.js: 24ms, application-code: 34ms)
 GET /api/accounts?id=0184f521-3c97-479d-9277-e15517a67838 200 in 88ms (next.js: 3ms, application-code: 85ms)
 GET / 200 in 173ms (next.js: 99ms, application-code: 74ms)
 GET / 200 in 676ms (next.js: 10ms, application-code: 666ms)
 POST /api/analytics/access 200 in 48ms (next.js: 17ms, application-code: 32ms)
 GET /api/accounts?id=0184f521-3c97-479d-9277-e15517a67838 200 in 30ms (next.js: 9ms, application-code: 21ms)
 GET / 200 in 110ms (next.js: 4ms, application-code: 106ms)
 POST /api/analytics/access 200 in 38ms (next.js: 7ms, application-code: 31ms)
 GET /api/accounts?id=0184f521-3c97-479d-9277-e15517a67838 200 in 63ms (next.js: 5ms, application-code: 58ms)
 GET / 200 in 330ms (next.js: 7ms, application-code: 323ms)
 GET / 200 in 238ms (next.js: 10ms, application-code: 228ms)
 GET / 200 in 163ms (next.js: 9ms, application-code: 155ms)
 GET / 200 in 75ms (next.js: 8ms, application-code: 67ms)
 GET /api/accounts?id=0184f521-3c97-479d-9277-e15517a67838 200 in 21ms (next.js: 4ms, application-code: 16ms)
 GET /api/accounts?id=0184f521-3c97-479d-9277-e15517a67838 200 in 15ms (next.js: 4ms, application-code: 11ms)
 GET / 200 in 568ms (next.js: 10ms, application-code: 559ms)
 GET /checkout?package=p2400 200 in 142ms (next.js: 24ms, application-code: 119ms)
 GET / 200 in 260ms (next.js: 4ms, application-code: 257ms)
 GET /api/accounts?id=0184f521-3c97-479d-9277-e15517a67838 200 in 82ms (next.js: 57ms, application-code: 26ms)
 POST /api/analytics/access 200 in 44ms (next.js: 6ms, application-code: 38ms)
 GET /api/accounts?id=0184f521-3c97-479d-9277-e15517a67838 200 in 45ms (next.js: 10ms, application-code: 36ms)
 GET / 200 in 65ms (next.js: 6ms, application-code: 58ms)
 GET /checkout?package=p2400 200 in 115ms (next.js: 3ms, application-code: 112ms)
 GET / 200 in 118ms (next.js: 4ms, application-code: 114ms)
 GET /checkout?package=p2400 200 in 65ms (next.js: 4ms, application-code: 61ms)
 GET / 200 in 193ms (next.js: 13ms, application-code: 180ms)
 GET / 200 in 128ms (next.js: 8ms, application-code: 121ms)
 POST /api/analytics/access 200 in 169ms (next.js: 4ms, application-code: 165ms)
 GET /api/accounts?id=0184f521-3c97-479d-9277-e15517a67838 200 in 30ms (next.js: 12ms, application-code: 17ms)
 GET / 200 in 115ms (next.js: 9ms, application-code: 106ms)
 GET / 200 in 102ms (next.js: 6ms, application-code: 96ms)
 GET / 200 in 600ms (next.js: 17ms, application-code: 583ms)
 GET /api/accounts?id=0184f521-3c97-479d-9277-e15517a67838 200 in 443ms (next.js: 48ms, application-code: 395ms)
 POST /api/analytics/access 200 in 832ms (next.js: 166ms, application-code: 666ms)
 GET / 200 in 448ms (next.js: 33ms, application-code: 415ms)
 GET / 200 in 4.2s (next.js: 739ms, application-code: 3.5s)
 POST /api/analytics/access 200 in 1720ms (next.js: 5ms, application-code: 1716ms)
 GET /api/accounts?id=0184f521-3c97-479d-9277-e15517a67838 200 in 133ms (next.js: 26ms, application-code: 107ms)
 GET / 200 in 189ms (next.js: 17ms, application-code: 172ms)
 GET / 200 in 124ms (next.js: 9ms, application-code: 116ms)
 GET / 200 in 351ms (next.js: 10ms, application-code: 341ms)
 POST /api/analytics/access 200 in 26ms (next.js: 4ms, application-code: 22ms)
 GET /api/accounts?id=0184f521-3c97-479d-9277-e15517a67838 200 in 41ms (next.js: 18ms, application-code: 23ms)
○ Compiling /_error ...
 GET / 200 in 2.2s (next.js: 1560ms, application-code: 641ms)
 GET / 200 in 531ms (next.js: 9ms, application-code: 522ms)
 GET / 200 in 402ms (next.js: 26ms, application-code: 376ms)
 GET / 200 in 3.0s (next.js: 12ms, application-code: 3.0s)
 GET / 200 in 8.1s (next.js: 19ms, application-code: 8.0s)
 GET /api/accounts?id=0184f521-3c97-479d-9277-e15517a67838 500 in 22.7s (next.js: 19.5s, application-code: 3.2s)
 GET / 500 in 7.7s (next.js: 4.5s, application-code: 3.2s)
 POST /api/analytics/access 500 in 23.3s (next.js: 20.1s, application-code: 3.2s)
 GET / 200 in 2.6s (next.js: 21ms, application-code: 2.6s)
 GET /api/accounts?id=0184f521-3c97-479d-9277-e15517a67838 200 in 107ms (next.js: 53ms, application-code: 54ms)
 GET /api/accounts?id=0184f521-3c97-479d-9277-e15517a67838 200 in 15ms (next.js: 7ms, application-code: 8ms)
 GET /api/accounts?id=0184f521-3c97-479d-9277-e15517a67838 200 in 14ms (next.js: 2ms, application-code: 12ms)
 GET /checkout?package=p3400 200 in 223ms (next.js: 57ms, application-code: 166ms)
 GET / 200 in 164ms (next.js: 7ms, application-code: 157ms)
 GET /api/accounts?id=0184f521-3c97-479d-9277-e15517a67838 200 in 68ms (next.js: 33ms, application-code: 35ms)
 GET / 200 in 129ms (next.js: 7ms, application-code: 122ms)
 GET /api/accounts?id=0184f521-3c97-479d-9277-e15517a67838 200 in 207ms (next.js: 3ms, application-code: 204ms)
 POST /api/analytics/access 200 in 407ms (next.js: 26ms, application-code: 380ms)
 GET /api/accounts?id=0184f521-3c97-479d-9277-e15517a67838 200 in 143ms (next.js: 18ms, application-code: 125ms)
 POST /api/analytics/access 500 in 3.6s (next.js: 3.1s, application-code: 523ms)
 GET / 200 in 79ms (next.js: 30ms, application-code: 49ms)
 GET /checkout?package=p3400 200 in 2.7s (next.js: 2.3s, application-code: 420ms)
 GET /api/accounts?id=0184f521-3c97-479d-9277-e15517a67838 200 in 112ms (next.js: 48ms, application-code: 64ms)
 GET / 200 in 815ms (next.js: 7ms, application-code: 808ms)
 POST /api/analytics/access 200 in 68ms (next.js: 10ms, application-code: 59ms)
 GET /api/accounts?id=0184f521-3c97-479d-9277-e15517a67838 200 in 23ms (next.js: 7ms, application-code: 16ms)
 GET / 200 in 66ms (next.js: 2ms, application-code: 64ms)
 GET /checkout?package=p3400 200 in 112ms (next.js: 5ms, application-code: 108ms)
 GET /checkout?package=p3400 200 in 81ms (next.js: 6ms, application-code: 74ms)
 GET / 200 in 54ms (next.js: 6ms, application-code: 48ms)
 GET /api/accounts?id=0184f521-3c97-479d-9277-e15517a67838 200 in 13ms (next.js: 2ms, application-code: 11ms)
 GET /api/accounts?id=0184f521-3c97-479d-9277-e15517a67838 200 in 8ms (next.js: 3ms, application-code: 5ms)
 GET / 200 in 90ms (next.js: 16ms, application-code: 74ms)
 GET /checkout?package=p3400 200 in 373ms (next.js: 214ms, application-code: 159ms)
 GET /api/accounts?id=0184f521-3c97-479d-9277-e15517a67838 200 in 2.0s (next.js: 1638ms, application-code: 385ms)
 GET / 200 in 375ms (next.js: 121ms, application-code: 254ms)
 GET /checkout?package=p3400 200 in 130ms (next.js: 26ms, application-code: 104ms)
 GET /api/accounts?id=0184f521-3c97-479d-9277-e15517a67838 200 in 12ms (next.js: 4ms, application-code: 8ms)
 GET /api/accounts?id=0184f521-3c97-479d-9277-e15517a67838 200 in 21ms (next.js: 5ms, application-code: 16ms)
 GET /api/accounts?id=0184f521-3c97-479d-9277-e15517a67838 200 in 12ms (next.js: 2ms, application-code: 10ms)
 GET / 200 in 443ms (next.js: 7ms, application-code: 435ms)
 POST /api/analytics/access 200 in 186ms (next.js: 31ms, application-code: 155ms)
 GET /api/accounts?id=0184f521-3c97-479d-9277-e15517a67838 200 in 108ms (next.js: 8ms, application-code: 101ms)
○ Compiling /_error ...
 GET / 200 in 296ms (next.js: 226ms, application-code: 70ms)
 GET /checkout?package=p3400 500 in 9.5s (next.js: 9.4s, application-code: 40ms)
 GET /checkout?package=p3400 200 in 406ms (next.js: 27ms, application-code: 379ms)
 GET /api/accounts?id=0184f521-3c97-479d-9277-e15517a67838 200 in 67ms (next.js: 25ms, application-code: 42ms)
 GET / 200 in 487ms (next.js: 9ms, application-code: 478ms)
 POST /api/analytics/access 200 in 94ms (next.js: 12ms, application-code: 81ms)
 GET /api/accounts?id=0184f521-3c97-479d-9277-e15517a67838 200 in 34ms (next.js: 13ms, application-code: 21ms)
 GET / 200 in 74ms (next.js: 7ms, application-code: 67ms)
 GET / 200 in 203ms (next.js: 7ms, application-code: 197ms)
 GET /api/accounts?id=0184f521-3c97-479d-9277-e15517a67838 200 in 17ms (next.js: 3ms, application-code: 14ms)
 GET /api/accounts?id=0184f521-3c97-479d-9277-e15517a67838 200 in 16ms (next.js: 3ms, application-code: 13ms)
 GET / 200 in 503ms (next.js: 374ms, application-code: 129ms)
 GET / 200 in 399ms (next.js: 266ms, application-code: 134ms)
 GET /api/accounts?id=0184f521-3c97-479d-9277-e15517a67838 200 in 2.8s (next.js: 2.8s, application-code: 54ms)
 POST /api/analytics/access 200 in 3.2s (next.js: 3.1s, application-code: 83ms)
 GET / 200 in 166ms (next.js: 78ms, application-code: 88ms)
 GET / 200 in 153ms (next.js: 12ms, application-code: 142ms)
 GET /api/accounts?id=0184f521-3c97-479d-9277-e15517a67838 200 in 33ms (next.js: 9ms, application-code: 24ms)
 GET /api/accounts?id=0184f521-3c97-479d-9277-e15517a67838 200 in 12ms (next.js: 5ms, application-code: 7ms)
 GET /api/accounts?id=0184f521-3c97-479d-9277-e15517a67838 200 in 48ms (next.js: 15ms, application-code: 33ms)
 GET / 200 in 974ms (next.js: 13ms, application-code: 961ms)
 POST /api/analytics/access 200 in 92ms (next.js: 4ms, application-code: 88ms)
 GET /api/accounts?id=0184f521-3c97-479d-9277-e15517a67838 200 in 60ms (next.js: 4ms, application-code: 56ms)
 GET / 200 in 115ms (next.js: 9ms, application-code: 105ms)
 GET / 200 in 241ms (next.js: 36ms, application-code: 205ms)
 GET /api/accounts?id=0184f521-3c97-479d-9277-e15517a67838 200 in 16ms (next.js: 2ms, application-code: 14ms)
 GET /api/accounts?id=0184f521-3c97-479d-9277-e15517a67838 200 in 21ms (next.js: 5ms, application-code: 16ms)
 GET / 200 in 387ms (next.js: 288ms, application-code: 99ms)
 GET /api/accounts?id=0184f521-3c97-479d-9277-e15517a67838 200 in 257ms (next.js: 52ms, application-code: 205ms)
 GET /api/accounts?id=0184f521-3c97-479d-9277-e15517a67838 200 in 14ms (next.js: 5ms, application-code: 9ms)
 GET / 200 in 689ms (next.js: 10ms, application-code: 678ms)
 GET /api/accounts?id=0184f521-3c97-479d-9277-e15517a67838 200 in 2.5s (next.js: 2.4s, application-code: 68ms)
 POST /api/analytics/access 200 in 2.8s (next.js: 2.7s, application-code: 109ms)
 GET / 200 in 787ms (next.js: 350ms, application-code: 437ms)
 GET / 200 in 157ms (next.js: 12ms, application-code: 145ms)
 GET /api/accounts?id=0184f521-3c97-479d-9277-e15517a67838 200 in 20ms (next.js: 2ms, application-code: 18ms)
 GET /api/accounts?id=0184f521-3c97-479d-9277-e15517a67838 200 in 17ms (next.js: 2ms, application-code: 15ms)
 GET /api/accounts?id=0184f521-3c97-479d-9277-e15517a67838 200 in 32ms (next.js: 8ms, application-code: 24ms)
 GET / 200 in 347ms (next.js: 252ms, application-code: 95ms)
 GET /api/accounts?id=0184f521-3c97-479d-9277-e15517a67838 200 in 35ms (next.js: 22ms, application-code: 13ms)
 GET / 200 in 193ms (next.js: 138ms, application-code: 55ms)
 GET /api/accounts?id=0184f521-3c97-479d-9277-e15517a67838 200 in 39ms (next.js: 22ms, application-code: 17ms)
 GET /api/accounts?id=0184f521-3c97-479d-9277-e15517a67838 200 in 7ms (next.js: 1831µs, application-code: 5ms)
 GET / 200 in 264ms (next.js: 7ms, application-code: 257ms)
 GET /api/accounts?id=0184f521-3c97-479d-9277-e15517a67838 200 in 1523ms (next.js: 1486ms, application-code: 37ms)
 POST /api/analytics/access 200 in 1718ms (next.js: 1664ms, application-code: 54ms)
 GET / 200 in 82ms (next.js: 28ms, application-code: 53ms)
 GET / 200 in 52ms (next.js: 9ms, application-code: 43ms)
 GET /api/accounts?id=0184f521-3c97-479d-9277-e15517a67838 200 in 8ms (next.js: 3ms, application-code: 5ms)
 GET /api/accounts?id=0184f521-3c97-479d-9277-e15517a67838 200 in 19ms (next.js: 4ms, application-code: 14ms)
 GET / 200 in 172ms (next.js: 7ms, application-code: 165ms)
 POST /api/analytics/access 200 in 25ms (next.js: 6ms, application-code: 19ms)
 GET /api/accounts?id=0184f521-3c97-479d-9277-e15517a67838 200 in 18ms (next.js: 2ms, application-code: 16ms)
 GET / 200 in 41ms (next.js: 2ms, application-code: 39ms)
 GET / 200 in 64ms (next.js: 5ms, application-code: 59ms)
 GET / 200 in 69ms (next.js: 5ms, application-code: 65ms)
 POST /api/analytics/access 200 in 22ms (next.js: 3ms, application-code: 19ms)
 GET /api/accounts?id=0184f521-3c97-479d-9277-e15517a67838 200 in 161ms (next.js: 5ms, application-code: 156ms)
 GET / 200 in 95ms (next.js: 4ms, application-code: 91ms)
 GET / 200 in 64ms (next.js: 8ms, application-code: 57ms)
 GET /api/accounts?id=0184f521-3c97-479d-9277-e15517a67838 200 in 10ms (next.js: 2ms, application-code: 7ms)
 GET /api/accounts?id=0184f521-3c97-479d-9277-e15517a67838 200 in 6ms (next.js: 1497µs, application-code: 4ms)
 GET /api/accounts?id=0184f521-3c97-479d-9277-e15517a67838 200 in 12ms (next.js: 3ms, application-code: 9ms)
 GET / 200 in 139ms (next.js: 105ms, application-code: 34ms)
 GET /api/accounts?id=0184f521-3c97-479d-9277-e15517a67838 200 in 134ms (next.js: 31ms, application-code: 103ms)
 GET / 200 in 214ms (next.js: 156ms, application-code: 57ms)
 GET / 200 in 34ms (next.js: 3ms, application-code: 31ms)
 GET / 200 in 196ms (next.js: 152ms, application-code: 44ms)
 GET / 200 in 87ms (next.js: 49ms, application-code: 37ms)
 GET /api/accounts?id=0184f521-3c97-479d-9277-e15517a67838 200 in 19ms (next.js: 11ms, application-code: 8ms)
▲ Next.js 16.2.7 (webpack)
- Local:         http://localhost:3000
- Network:       http://192.168.0.15:3000
- Environments: .env.local
✓ Ready in 617ms

○ Compiling / ...
 GET / 200 in 4.9s (next.js: 4.6s, application-code: 297ms)
 GET /api/accounts?id=0184f521-3c97-479d-9277-e15517a67838 200 in 1611ms (next.js: 1465ms, application-code: 146ms)
 GET / 200 in 146ms (next.js: 45ms, application-code: 101ms)
 POST /api/analytics/access 200 in 1816ms (next.js: 1637ms, application-code: 178ms)
 GET / 200 in 26ms (next.js: 3ms, application-code: 23ms)
 GET / 200 in 39ms (next.js: 5ms, application-code: 34ms)
 GET / 200 in 39ms (next.js: 5ms, application-code: 34ms)
 GET / 200 in 18ms (next.js: 3ms, application-code: 14ms)
 GET / 200 in 69ms (next.js: 7ms, application-code: 62ms)
[?25h
